Using pre-set license
Built from '2020.3/release' branch; Version is '2020.3.27f1 (e759542391ea) revision 15161684'; Using compiler version '192528614'; Build Type 'Release'
OS: 'Windows 10  (10.0.19044) 64bit Professional' Language: 'en' Physical Memory: 8073 MB
BatchMode: 1, IsHumanControllingUs: 0, StartBugReporterOnCrash: 0, Is64bit: 1, IsPro: 0

COMMAND LINE ARGUMENTS:
D:\FYP\Unity\Editor\2020.3.27f1\Editor\Unity.exe
-adb2
-batchMode
-noUpm
-name
AssetImportWorker4
-projectPath
C:/Users/Me/Downloads/v0.2/v0.2
-logFile
Logs/AssetImportWorker4.log
-srvPort
58820
Successfully changed project path to: C:/Users/Me/Downloads/v0.2/v0.2
C:/Users/Me/Downloads/v0.2/v0.2
Using Asset Import Pipeline V2.
Refreshing native plugins compatible for Editor in 514.86 ms, found 3 plugins.
Preloading 0 native plugins for Editor in 0.00 ms.
Initialize engine version: 2020.3.27f1 (e759542391ea)
[Subsystems] Discovering subsystems at path D:/FYP/Unity/Editor/2020.3.27f1/Editor/Data/Resources/UnitySubsystems
[Subsystems] Discovering subsystems at path C:/Users/Me/Downloads/v0.2/v0.2/Assets
GfxDevice: creating device client; threaded=0
Direct3D:
    Version:  Direct3D 11.0 [level 11.1]
    Renderer: Intel(R) HD Graphics Family (ID=0xa16)
    Vendor:   
    VRAM:     2048 MB
    Driver:   20.19.15.5126
Initialize mono
Mono path[0] = 'D:/FYP/Unity/Editor/2020.3.27f1/Editor/Data/Managed'
Mono path[1] = 'D:/FYP/Unity/Editor/2020.3.27f1/Editor/Data/MonoBleedingEdge/lib/mono/unityjit'
Mono config path = 'D:/FYP/Unity/Editor/2020.3.27f1/Editor/Data/MonoBleedingEdge/etc'
Using monoOptions --debugger-agent=transport=dt_socket,embedding=1,server=y,suspend=n,address=127.0.0.1:56548
Begin MonoManager ReloadAssembly
Registering precompiled unity dll's ...
Register platform support module: D:/FYP/Unity/Editor/2020.3.27f1/Editor/Data/PlaybackEngines/WindowsStandaloneSupport/UnityEditor.WindowsStandalone.Extensions.dll
Registered in 0.002461 seconds.
Native extension for WindowsStandalone target not found
Refreshing native plugins compatible for Editor in 234.86 ms, found 3 plugins.
Preloading 0 native plugins for Editor in 0.00 ms.
Mono: successfully reloaded assembly
- Completed reload, in  2.068 seconds
Domain Reload Profiling:
	ReloadAssembly (2071ms)
		BeginReloadAssembly (170ms)
			ExecutionOrderSort (0ms)
			DisableScriptedObjects (0ms)
			BackupInstance (0ms)
			ReleaseScriptingObjects (0ms)
			CreateAndSetChildDomain (2ms)
		EndReloadAssembly (1665ms)
			LoadAssemblies (167ms)
			RebuildTransferFunctionScriptingTraits (0ms)
			SetupTypeCache (495ms)
			ReleaseScriptCaches (0ms)
			RebuildScriptCaches (90ms)
			SetupLoadedEditorAssemblies (689ms)
				LogAssemblyErrors (0ms)
				InitializePlatformSupportModulesInManaged (13ms)
				SetLoadedEditorAssemblies (1ms)
				RefreshPlugins (235ms)
				BeforeProcessingInitializeOnLoad (53ms)
				ProcessInitializeOnLoadAttributes (262ms)
				ProcessInitializeOnLoadMethodAttributes (124ms)
				AfterProcessingInitializeOnLoad (0ms)
				EditorAssembliesLoaded (1ms)
			ExecutionOrderSort2 (0ms)
			AwakeInstancesAfterBackupRestoration (0ms)
Platform modules already initialized, skipping
Registering precompiled user dll's ...
Registered in 0.055628 seconds.
Begin MonoManager ReloadAssembly
Symbol file LoadedFromMemory doesn't match image C:\Users\Me\Downloads\v0.2\v0.2\Library\PackageCache\com.unity.visualscripting@1.7.8\Editor\VisualScripting.Core\Dependencies\YamlDotNet\Unity.VisualScripting.YamlDotNet.dll
Symbol file LoadedFromMemory doesn't match image C:\Users\Me\Downloads\v0.2\v0.2\Library\PackageCache\com.unity.visualscripting@1.7.8\Editor\VisualScripting.Core\Dependencies\DotNetZip\Unity.VisualScripting.IonicZip.dll
Native extension for WindowsStandalone target not found
Refreshing native plugins compatible for Editor in 0.94 ms, found 3 plugins.
Preloading 0 native plugins for Editor in 0.00 ms.
Mono: successfully reloaded assembly
- Completed reload, in  6.332 seconds
Domain Reload Profiling:
	ReloadAssembly (6341ms)
		BeginReloadAssembly (489ms)
			ExecutionOrderSort (0ms)
			DisableScriptedObjects (20ms)
			BackupInstance (0ms)
			ReleaseScriptingObjects (0ms)
			CreateAndSetChildDomain (47ms)
		EndReloadAssembly (5681ms)
			LoadAssemblies (307ms)
			RebuildTransferFunctionScriptingTraits (0ms)
			SetupTypeCache (877ms)
			ReleaseScriptCaches (1ms)
			RebuildScriptCaches (117ms)
			SetupLoadedEditorAssemblies (4239ms)
				LogAssemblyErrors (0ms)
				InitializePlatformSupportModulesInManaged (9ms)
				SetLoadedEditorAssemblies (1ms)
				RefreshPlugins (1ms)
				BeforeProcessingInitializeOnLoad (215ms)
				ProcessInitializeOnLoadAttributes (2166ms)
				ProcessInitializeOnLoadMethodAttributes (1841ms)
				AfterProcessingInitializeOnLoad (5ms)
				EditorAssembliesLoaded (0ms)
			ExecutionOrderSort2 (0ms)
			AwakeInstancesAfterBackupRestoration (15ms)
Platform modules already initialized, skipping
========================================================================
Worker process is ready to serve import requests
Launched and connected shader compiler UnityShaderCompiler.exe after 0.23 seconds
Refreshing native plugins compatible for Editor in 0.88 ms, found 3 plugins.
Preloading 0 native plugins for Editor in 0.00 ms.
Unloading 3163 Unused Serialized files (Serialized files now loaded: 0)
System memory in use before: 117.0 MB.
System memory in use after: 117.2 MB.

Unloading 21 unused Assets to reduce memory usage. Loaded Objects now: 3604.
Total: 5.828300 ms (FindLiveObjects: 0.523600 ms CreateObjectMapping: 0.481900 ms MarkObjects: 4.686200 ms  DeleteObjects: 0.134700 ms)

AssetImportParameters requested are different than current active one (requested -> active):
  custom:framework-win-MediaFoundation: 216162199b28c13a410421893ffa2e32 -> 
  custom:video-decoder-ogg-theora: a1e56fd34408186e4bbccfd4996cb3dc -> 
  custom:container-muxer-webm: aa71ff27fc2769a1b78a27578f13a17b -> 
  custom:container-demuxer-webm: 4f35f7cbe854078d1ac9338744f61a02 -> 
  custom:container-demuxer-ogg: 62fdf1f143b41e24485cea50d1cbac27 -> 
  custom:video-encoder-webm-vp8: eb34c28f22e8b96e1ab97ce403110664 -> 
  custom:video-decoder-webm-vp8: 9c59270c3fd7afecdb556c50c9e8de78 -> 
  custom:audio-decoder-ogg-vorbis: bf7c407c2cedff20999df2af8eb42d56 -> 
  custom:audio-encoder-webm-vorbis: bf7c407c2cedff20999df2af8eb42d56 -> 
========================================================================
Received Import Request.
  path: Assets/Animations/PlayerAnimationController.controller
  artifactKey: Guid(aa54fe949d9077d42ac0d4e6de5e723b) Importer(815301076,1909f56bfc062723c751e8b465ee728b)
Start importing Assets/Animations/PlayerAnimationController.controller using Guid(aa54fe949d9077d42ac0d4e6de5e723b) Importer(815301076,1909f56bfc062723c751e8b465ee728b)  -> (artifact id: '7375c977fa63ad01306b38d9d21b3db6') in 0.319995 seconds 
  Import took 0.362939 seconds .

========================================================================
Received Import Request.
  Time since last request: 0.000436 seconds.
  path: Assets/Level5.unity
  artifactKey: Guid(af8c925f1ed7ef344812e507b179ea3a) Importer(815301076,1909f56bfc062723c751e8b465ee728b)
Start importing Assets/Level5.unity using Guid(af8c925f1ed7ef344812e507b179ea3a) Importer(815301076,1909f56bfc062723c751e8b465ee728b)  -> (artifact id: '3648138f64608c4a99d2313513994d37') in 0.013795 seconds 
  Import took 0.024019 seconds .

========================================================================
Received Import Request.
  Time since last request: 4.974684 seconds.
  path: Assets/Player.fbm
  artifactKey: Guid(10898f27cb554ee46ab745fd56250e5c) Importer(815301076,1909f56bfc062723c751e8b465ee728b)
Start importing Assets/Player.fbm using Guid(10898f27cb554ee46ab745fd56250e5c) Importer(815301076,1909f56bfc062723c751e8b465ee728b)  -> (artifact id: '2e01858176b537f102ccc4f683b37d1d') in 0.014084 seconds 
  Import took 0.022615 seconds .

========================================================================
Received Import Request.
  Time since last request: 6.207655 seconds.
  path: Assets/New Scene
  artifactKey: Guid(3a72f01a21340884f83c379985471000) Importer(815301076,1909f56bfc062723c751e8b465ee728b)
Start importing Assets/New Scene using Guid(3a72f01a21340884f83c379985471000) Importer(815301076,1909f56bfc062723c751e8b465ee728b)  -> (artifact id: '0a12d7da517d59ee5c122d1add25fe84') in 0.031839 seconds 
  Import took 0.068490 seconds .

========================================================================
Received Import Request.
  Time since last request: 0.000368 seconds.
  path: Assets/New Scene/NavMesh.asset
  artifactKey: Guid(929111d27b6837d45af550aaa64ad777) Importer(815301076,1909f56bfc062723c751e8b465ee728b)
Start importing Assets/New Scene/NavMesh.asset using Guid(929111d27b6837d45af550aaa64ad777) Importer(815301076,1909f56bfc062723c751e8b465ee728b)  -> (artifact id: '2e7450a3b36db17fab4c654843fc1163') in 0.124653 seconds 
  Import took 0.134866 seconds .

========================================================================
Received Import Request.
  Time since last request: 228.539137 seconds.
  path: Assets/Scripts/CharacterAnimationController.cs
  artifactKey: Guid(65ca7268d903d1c4281aaf9f5a61fc86) Importer(815301076,1909f56bfc062723c751e8b465ee728b)
Start importing Assets/Scripts/CharacterAnimationController.cs using Guid(65ca7268d903d1c4281aaf9f5a61fc86) Importer(815301076,1909f56bfc062723c751e8b465ee728b)  -> (artifact id: 'dea613d296f82d25227901dfa308d14e') in 0.209639 seconds 
  Import took 0.238759 seconds .

AssetImportWorkerClient::OnTransportError - code=2 error=End of file
